

2019-01-12 02:01:48.667338Z =====
get_local 3
i32_const 6
i32_div_s 11
end 11

2019-01-12 02:01:54.317608Z =====
get_local 3
i32_const 6
i32_div_s 11
end 11

2019-01-12 02:04:17.841510Z | main =====
get_local 3
i32_const 6
i32_div_s 11
end 11

2019-01-12 02:04:30.180646Z | main =====
get_local 3
i32_const 6
i32_div_s 11
end 11

2019-01-12 02:04:46.585016Z ;; main =====
get_local 3
i32_const 6
i32_div_s 11
end 11

2019-01-12 02:04:59.498690Z ;; main =====
get_local 3
i32_const 6
i32_div_s 11
end 11

2019-01-12 02:05:36.950839Z :: main =====
get_local 3
i32_const 6
i32_div_s 11
end 11

2019-01-12 02:06:07.577952Z :: main ================================
get_local 3
i32_const 6
i32_div_s 11
end 11
